Arguments: 
  D:\Nodejs\node.exe C:\Users\10977\AppData\Roaming\npm\node_modules\yarn\bin\yarn.js add -D miniprogram-api-typings

PATH: 
  D:\Nodejs\node_modules;D:\VMware\bin\;D:\Anaconda3;D:\Anaconda3\Library\mingw-w64\bin;D:\Anaconda3\Library\usr\bin;D:\Anaconda3\Library\bin;D:\Anaconda3\Scripts;C:\Program Files (x86)\Common Files\Oracle\Java\javapath;C:\Program Files\Microsoft MPI\Bin\;D:\jdk1.8.0_321\bin;C:\ProgramData\Oracle\Java\javapath;C:\Program Files (x86)\Common Files\Intel\Shared Libraries\redist\intel64\compiler;C:\Windows\system32;C:\Windows;C:\Windows\System32\Wbem;C:\Windows\System32\WindowsPowerShell\v1.0\;C:\Windows\System32\OpenSSH\;C:\Program Files (x86)\NVIDIA Corporation\PhysX\Common;C:\Program Files\NVIDIA Corporation\NVIDIA NGX;C:\Program Files\NVIDIA Corporation\NVIDIA NvDLISR;C:\WINDOWS\system32;C:\WINDOWS;C:\WINDOWS\System32\Wbem;C:\WINDOWS\System32\WindowsPowerShell\v1.0\;C:\WINDOWS\System32\OpenSSH\;C:\Program Files (x86)\MySQL\MySQL Fabric 1.5 & MySQL Utilities 1.5\;C:\Program Files (x86)\MySQL\MySQL Fabric 1.5 & MySQL Utilities 1.5\Doctrine extensions for PHP\;C:\Program Files\Common Files\Autodesk Shared\;D:\Microsoft SQL Server\Client SDK\ODBC\130\Tools\Binn\;D:\Microsoft SQL Server x86\130\Tools\Binn\;D:\Microsoft SQL Server\130\Tools\Binn\;D:\Microsoft SQL Server\130\DTS\Binn\;D:\Microsoft SQL Server x86\150\DTS\Binn\;D:\MATLAB\R2019a\bin;D:\Nodejs\;D:\maven3.6\bin;D:\HPLoadRunner\strawberry-perl\perl\bin;D:\neo4j-chs-community-3.5.9-windows\bin;D:\scala\bin;D:\spark-2.3.0-bin-hadoop2.6\bin;D:\Git\cmd;D:\Python36\Scripts\;D:\Python36\;D:\Python 3.10\Scripts\;D:\Python 3.10\;C:\Users\10977\AppData\Local\Microsoft\WindowsApps;C:\Program Files\Azure Data Studio\bin;C:\Users\10977\AppData\Roaming\npm;D:\Microsoft VS Code\bin;D:\PyCharm Community Edition 2021.3.3\bin;D:\Nodejs\node_global

Yarn version: 
  1.22.19

Node version: 
  16.13.0

Platform: 
  win32 x64

Trace: 
  Error: connect ETIMEDOUT 104.16.18.35:443
      at TCPConnectWrap.afterConnect [as oncomplete] (node:net:1161:16)

npm manifest: 
  {
    "name": "miniprogram-ts-less-quickstart",
    "version": "1.0.0",
    "description": "",
    "scripts": {},
    "keywords": [],
    "author": "",
    "license": "",
    "dependencies": {
      "@vant/weapp": "^1.10.14"
    },
    "devDependencies": {
      "miniprogram-api-typings": "^2.8.3-1"
    }
  }

yarn manifest: 
  No manifest

Lockfile: 
  # THIS IS AN AUTOGENERATED FILE. DO NOT EDIT THIS FILE DIRECTLY.
  # yarn lockfile v1
  
  
  "@vant/weapp@^1.10.14":
    version "1.10.14"
    resolved "https://registry.yarnpkg.com/@vant/weapp/-/weapp-1.10.14.tgz#b5f249097df1f1a7aa5c6602d8cad4afd397f934"
    integrity sha512-5usuhoN1kiOV6pzrdVzHrAux6DupKlGd9w+yYc992Zy1n1wHLZMb1dGM3+xtbNE3tpWE2qv95vIFSMpJRFyE7Q==
  
  miniprogram-api-typings@^2.8.3-1:
    version "2.12.0"
    resolved "https://registry.yarnpkg.com/miniprogram-api-typings/-/miniprogram-api-typings-2.12.0.tgz#7a29c90f3e5efa36588422d1f01e22d3394aaaa1"
    integrity sha512-ibvbqeslVFur0IAvTxLMvsbtvVcMo6gwvOnj0YZHV7aeDLu091VQRrETT2QuiG9P6aZWRcxeNGJChRKVPCp9VQ==
